<?xml version="1.0" encoding="UTF-8"?>
<testsuite name="com.microservice.training.EurekaClientApplicationTests" tests="1" skipped="0" failures="0" errors="0" timestamp="2016-08-17T11:45:14" hostname="Wangs-MacBook-Pro.local" time="0.002">
  <properties/>
  <testcase name="contextLoads" classname="com.microservice.training.EurekaClientApplicationTests" time="0.002"/>
  <system-out><![CDATA[19:45:10.584 [Test worker] DEBUG org.springframework.test.context.junit4.SpringJUnit4ClassRunner - SpringJUnit4ClassRunner constructor called with [class com.microservice.training.EurekaClientApplicationTests]
19:45:10.590 [Test worker] DEBUG org.springframework.test.context.BootstrapUtils - Instantiating CacheAwareContextLoaderDelegate from class [org.springframework.test.context.cache.DefaultCacheAwareContextLoaderDelegate]
19:45:10.597 [Test worker] DEBUG org.springframework.test.context.BootstrapUtils - Instantiating BootstrapContext using constructor [public org.springframework.test.context.support.DefaultBootstrapContext(java.lang.Class,org.springframework.test.context.CacheAwareContextLoaderDelegate)]
19:45:10.607 [Test worker] DEBUG org.springframework.test.context.BootstrapUtils - Instantiating TestContextBootstrapper for test class [com.microservice.training.EurekaClientApplicationTests] from class [org.springframework.test.context.support.DefaultTestContextBootstrapper]
19:45:10.635 [Test worker] DEBUG org.springframework.test.context.support.DefaultTestContextBootstrapper - Found explicit ContextLoader class [org.springframework.boot.test.SpringApplicationContextLoader] for context configuration attributes [ContextConfigurationAttributes@7628f0a3 declaringClass = 'com.microservice.training.EurekaClientApplicationTests', classes = '{class com.microservice.training.CategoryServiceApplication}', locations = '{}', inheritLocations = true, initializers = '{}', inheritInitializers = true, name = [null], contextLoaderClass = 'org.springframework.boot.test.SpringApplicationContextLoader']
19:45:10.644 [Test worker] DEBUG org.springframework.test.context.support.AbstractContextLoader - Did not detect default resource location for test class [com.microservice.training.EurekaClientApplicationTests]: class path resource [com/microservice/training/EurekaClientApplicationTests-context.xml] does not exist
19:45:10.644 [Test worker] DEBUG org.springframework.test.context.support.AbstractContextLoader - Did not detect default resource location for test class [com.microservice.training.EurekaClientApplicationTests]: class path resource [com/microservice/training/EurekaClientApplicationTestsContext.groovy] does not exist
19:45:10.645 [Test worker] INFO org.springframework.test.context.support.AbstractContextLoader - Could not detect default resource locations for test class [com.microservice.training.EurekaClientApplicationTests]: no resource found for suffixes {-context.xml, Context.groovy}.
19:45:10.647 [Test worker] DEBUG org.springframework.test.context.support.ActiveProfilesUtils - Could not find an 'annotation declaring class' for annotation type [org.springframework.test.context.ActiveProfiles] and class [com.microservice.training.EurekaClientApplicationTests]
19:45:10.652 [Test worker] DEBUG org.springframework.test.context.support.DefaultTestContextBootstrapper - @TestExecutionListeners is not present for class [com.microservice.training.EurekaClientApplicationTests]: using defaults.
19:45:10.659 [Test worker] INFO org.springframework.test.context.support.DefaultTestContextBootstrapper - Loaded default TestExecutionListener class names from location [META-INF/spring.factories]: [org.springframework.test.context.web.ServletTestExecutionListener, org.springframework.test.context.support.DirtiesContextBeforeModesTestExecutionListener, org.springframework.test.context.support.DependencyInjectionTestExecutionListener, org.springframework.test.context.support.DirtiesContextTestExecutionListener, org.springframework.test.context.transaction.TransactionalTestExecutionListener, org.springframework.test.context.jdbc.SqlScriptsTestExecutionListener]
19:45:10.664 [Test worker] INFO org.springframework.test.context.support.DefaultTestContextBootstrapper - Could not instantiate TestExecutionListener [org.springframework.test.context.jdbc.SqlScriptsTestExecutionListener]. Specify custom listener classes or make the default listener classes (and their required dependencies) available. Offending class: [org/springframework/transaction/interceptor/TransactionAttribute]
19:45:10.665 [Test worker] INFO org.springframework.test.context.support.DefaultTestContextBootstrapper - Could not instantiate TestExecutionListener [org.springframework.test.context.transaction.TransactionalTestExecutionListener]. Specify custom listener classes or make the default listener classes (and their required dependencies) available. Offending class: [org/springframework/transaction/interceptor/TransactionAttributeSource]
19:45:10.669 [Test worker] INFO org.springframework.test.context.support.DefaultTestContextBootstrapper - Using TestExecutionListeners: [org.springframework.test.context.web.ServletTestExecutionListener@1202641, org.springframework.test.context.support.DirtiesContextBeforeModesTestExecutionListener@713cdb38, org.springframework.test.context.support.DependencyInjectionTestExecutionListener@c450235, org.springframework.test.context.support.DirtiesContextTestExecutionListener@32bb91ad]
19:45:10.673 [Test worker] DEBUG org.springframework.test.annotation.ProfileValueUtils - Retrieved @ProfileValueSourceConfiguration [null] for test class [com.microservice.training.EurekaClientApplicationTests]
19:45:10.673 [Test worker] DEBUG org.springframework.test.annotation.ProfileValueUtils - Retrieved ProfileValueSource type [class org.springframework.test.annotation.SystemProfileValueSource] for class [com.microservice.training.EurekaClientApplicationTests]
19:45:10.674 [Test worker] DEBUG org.springframework.test.annotation.ProfileValueUtils - Retrieved @ProfileValueSourceConfiguration [null] for test class [com.microservice.training.EurekaClientApplicationTests]
19:45:10.675 [Test worker] DEBUG org.springframework.test.annotation.ProfileValueUtils - Retrieved ProfileValueSource type [class org.springframework.test.annotation.SystemProfileValueSource] for class [com.microservice.training.EurekaClientApplicationTests]
19:45:10.678 [Test worker] DEBUG org.springframework.test.context.support.AbstractDirtiesContextTestExecutionListener - Before test class: context [DefaultTestContext@3e2076f0 testClass = EurekaClientApplicationTests, testInstance = [null], testMethod = [null], testException = [null], mergedContextConfiguration = [MergedContextConfiguration@3173671b testClass = EurekaClientApplicationTests, locations = '{}', classes = '{class com.microservice.training.CategoryServiceApplication}', contextInitializerClasses = '[]', activeProfiles = '{}', propertySourceLocations = '{}', propertySourceProperties = '{}', contextLoader = 'org.springframework.boot.test.SpringApplicationContextLoader', parent = [null]]], class annotated with @DirtiesContext [false] with mode [null].
19:45:10.679 [Test worker] DEBUG org.springframework.test.annotation.ProfileValueUtils - Retrieved @ProfileValueSourceConfiguration [null] for test class [com.microservice.training.EurekaClientApplicationTests]
19:45:10.679 [Test worker] DEBUG org.springframework.test.annotation.ProfileValueUtils - Retrieved ProfileValueSource type [class org.springframework.test.annotation.SystemProfileValueSource] for class [com.microservice.training.EurekaClientApplicationTests]
19:45:10.681 [Test worker] DEBUG org.springframework.test.context.support.DependencyInjectionTestExecutionListener - Performing dependency injection for test context [[DefaultTestContext@3e2076f0 testClass = EurekaClientApplicationTests, testInstance = com.microservice.training.EurekaClientApplicationTests@6aad2683, testMethod = [null], testException = [null], mergedContextConfiguration = [MergedContextConfiguration@3173671b testClass = EurekaClientApplicationTests, locations = '{}', classes = '{class com.microservice.training.CategoryServiceApplication}', contextInitializerClasses = '[]', activeProfiles = '{}', propertySourceLocations = '{}', propertySourceProperties = '{}', contextLoader = 'org.springframework.boot.test.SpringApplicationContextLoader', parent = [null]]]].
19:45:10.783 [Test worker] DEBUG org.springframework.core.env.StandardEnvironment - Adding [systemProperties] PropertySource with lowest search precedence
19:45:10.785 [Test worker] DEBUG org.springframework.core.env.StandardEnvironment - Adding [systemEnvironment] PropertySource with lowest search precedence
19:45:10.786 [Test worker] DEBUG org.springframework.core.env.StandardEnvironment - Initialized StandardEnvironment with PropertySources [systemProperties,systemEnvironment]
19:45:10.788 [Test worker] DEBUG org.springframework.core.env.StandardEnvironment - Adding [integrationTest] PropertySource with search precedence immediately lower than [systemEnvironment]
2016-08-17 19:45:11.834  INFO 10213 --- [    Test worker] s.c.a.AnnotationConfigApplicationContext : Refreshing org.springframework.context.annotation.AnnotationConfigApplicationContext@45d8abc0: startup date [Wed Aug 17 19:45:11 CST 2016]; root of context hierarchy
2016-08-17 19:45:12.175  INFO 10213 --- [    Test worker] f.a.AutowiredAnnotationBeanPostProcessor : JSR-330 'javax.inject.Inject' annotation found and supported for autowiring
2016-08-17 19:45:12.228  INFO 10213 --- [    Test worker] trationDelegate$BeanPostProcessorChecker : Bean 'configurationPropertiesRebinderAutoConfiguration' of type [class org.springframework.cloud.autoconfigure.ConfigurationPropertiesRebinderAutoConfiguration$$EnhancerBySpringCGLIB$$a3ec07cb] is not eligible for getting processed by all BeanPostProcessors (for example: not eligible for auto-proxying)

  .   ____          _            __ _ _
 /\\ / ___'_ __ _ _(_)_ __  __ _ \ \ \ \
( ( )\___ | '_ | '_| | '_ \/ _` | \ \ \ \
 \\/  ___)| |_)| | | | | || (_| |  ) ) ) )
  '  |____| .__|_| |_|_| |_\__, | / / / /
 =========|_|==============|___/=/_/_/_/
 :: Spring Boot ::        (v1.3.5.RELEASE)

2016-08-17 19:45:12.706  INFO 10213 --- [    Test worker] c.m.t.EurekaClientApplicationTests       : No active profile set, falling back to default profiles: default
2016-08-17 19:45:12.725  INFO 10213 --- [    Test worker] s.c.a.AnnotationConfigApplicationContext : Refreshing org.springframework.context.annotation.AnnotationConfigApplicationContext@5e5ee145: startup date [Wed Aug 17 19:45:12 CST 2016]; parent: org.springframework.context.annotation.AnnotationConfigApplicationContext@45d8abc0
2016-08-17 19:45:13.477  WARN 10213 --- [    Test worker] o.s.c.a.ConfigurationClassPostProcessor  : Cannot enhance @Configuration bean definition 'refreshScope' since its singleton instance has been created too early. The typical cause is a non-static @Bean method with a BeanDefinitionRegistryPostProcessor return type: Consider declaring such methods as 'static'.
2016-08-17 19:45:13.596  INFO 10213 --- [    Test worker] o.s.cloud.context.scope.GenericScope     : BeanFactory id=a27c41b7-c5c0-3db7-b322-933ffd1640a5
2016-08-17 19:45:13.606  INFO 10213 --- [    Test worker] f.a.AutowiredAnnotationBeanPostProcessor : JSR-330 'javax.inject.Inject' annotation found and supported for autowiring
2016-08-17 19:45:13.629  INFO 10213 --- [    Test worker] trationDelegate$BeanPostProcessorChecker : Bean 'org.springframework.cloud.autoconfigure.ConfigurationPropertiesRebinderAutoConfiguration' of type [class org.springframework.cloud.autoconfigure.ConfigurationPropertiesRebinderAutoConfiguration$$EnhancerBySpringCGLIB$$a3ec07cb] is not eligible for getting processed by all BeanPostProcessors (for example: not eligible for auto-proxying)
2016-08-17 19:45:13.640  INFO 10213 --- [    Test worker] trationDelegate$BeanPostProcessorChecker : Bean 'org.springframework.cloud.autoconfigure.RefreshEndpointAutoConfiguration' of type [class org.springframework.cloud.autoconfigure.RefreshEndpointAutoConfiguration$$EnhancerBySpringCGLIB$$4d4b09c1] is not eligible for getting processed by all BeanPostProcessors (for example: not eligible for auto-proxying)
2016-08-17 19:45:14.742  WARN 10213 --- [    Test worker] c.n.c.sources.URLConfigurationSource     : No URLs will be polled as dynamic configuration sources.
2016-08-17 19:45:14.743  INFO 10213 --- [    Test worker] c.n.c.sources.URLConfigurationSource     : To enable URLs as dynamic configuration sources, define System property archaius.configurationSource.additionalUrls or make config.properties available on classpath.
2016-08-17 19:45:14.751  WARN 10213 --- [    Test worker] c.n.c.sources.URLConfigurationSource     : No URLs will be polled as dynamic configuration sources.
2016-08-17 19:45:14.751  INFO 10213 --- [    Test worker] c.n.c.sources.URLConfigurationSource     : To enable URLs as dynamic configuration sources, define System property archaius.configurationSource.additionalUrls or make config.properties available on classpath.
2016-08-17 19:45:14.951  INFO 10213 --- [    Test worker] o.s.c.support.DefaultLifecycleProcessor  : Starting beans in phase 0
2016-08-17 19:45:14.973  INFO 10213 --- [    Test worker] c.m.t.EurekaClientApplicationTests       : Started EurekaClientApplicationTests in 4.181 seconds (JVM running for 5.321)
]]></system-out>
  <system-err><![CDATA[]]></system-err>
</testsuite>
